0 info it worked if it ends with ok
1 verbose cli [ 'C:\\Program Files\\nodejs\\\\node.exe',
1 verbose cli   'C:\\Program Files\\nodejs\\node_modules\\npm\\bin\\npm-cli.js',
1 verbose cli   'install',
1 verbose cli   '-g',
1 verbose cli   'jasmine' ]
2 info using npm@1.2.2
3 info using node@v0.8.18
4 verbose node symlink C:\Program Files\nodejs\\node.exe
5 verbose read json C:\Users\myers_000\AppData\Roaming\npm\package.json
6 verbose read json C:\Users\myers_000\AppData\Roaming\npm\package.json
7 verbose cache add [ 'jasmine', null ]
8 verbose cache add name=undefined spec="jasmine" args=["jasmine",null]
9 verbose parsed url { pathname: 'jasmine', path: 'jasmine', href: 'jasmine' }
10 silly lockFile 5bfd08bd-jasmine jasmine
11 verbose lock jasmine C:\Users\myers_000\AppData\Roaming\npm-cache\5bfd08bd-jasmine.lock
12 silly lockFile 5bfd08bd-jasmine jasmine
13 verbose addNamed [ 'jasmine', '' ]
14 verbose addNamed [ null, '' ]
15 silly lockFile fdd358a6-jasmine jasmine@
16 verbose lock jasmine@ C:\Users\myers_000\AppData\Roaming\npm-cache\fdd358a6-jasmine.lock
17 silly addNameRange { name: 'jasmine', range: '', hasData: false }
18 verbose url raw jasmine
19 verbose url resolving [ 'https://registry.npmjs.org/', './jasmine' ]
20 verbose url resolved https://registry.npmjs.org/jasmine
21 info trying registry request attempt 1 at 14:53:49
22 http GET https://registry.npmjs.org/jasmine
23 http 404 https://registry.npmjs.org/jasmine
24 silly registry.get cb [ 404,
24 silly registry.get   { server: 'CouchDB/1.2.1 (Erlang OTP/R15B)',
24 silly registry.get     date: 'Fri, 01 Feb 2013 22:52:04 GMT',
24 silly registry.get     'content-type': 'application/json',
24 silly registry.get     'content-length': '52',
24 silly registry.get     'cache-control': 'must-revalidate' } ]
25 silly lockFile fdd358a6-jasmine jasmine@
26 error 404 'jasmine' is not in the npm registry.
26 error 404 You should bug the author to publish it
26 error 404
26 error 404 Note that you can also install from a
26 error 404 tarball, folder, or http url, or git url.
27 error System Windows_NT 6.2.9200
28 error command "C:\\Program Files\\nodejs\\\\node.exe" "C:\\Program Files\\nodejs\\node_modules\\npm\\bin\\npm-cli.js" "install" "-g" "jasmine"
29 error cwd C:\Users\myers_000\Desktop\nodified-url
30 error node -v v0.8.18
31 error npm -v 1.2.2
32 error code E404
33 verbose exit [ 1, true ]
